Using pre-set license

 COMMAND LINE ARGUMENTS:
/Applications/Unity/Hub/Editor/2020.3.11f1/Unity.app/Contents/MacOS/Unity
-adb2
-batchMode
-noUpm
-name
AssetImportWorker0
-projectPath
/Users/giorgimelikidze/Desktop/Codding/CrossyRoad
-logFile
Logs/AssetImportWorker0.log
-srvPort
52223
Successfully changed project path to: /Users/giorgimelikidze/Desktop/Codding/CrossyRoad
/Users/giorgimelikidze/Desktop/Codding/CrossyRoad
Using Asset Import Pipeline V2.
Refreshing native plugins compatible for Editor in 26.12 ms, found 2 plugins.
Preloading 0 native plugins for Editor in 0.00 ms.
Initialize engine version: 2020.3.11f1 (99c7afb366b3)
[Subsystems] Discovering subsystems at path /Applications/Unity/Hub/Editor/2020.3.11f1/Unity.app/Contents/Resources/UnitySubsystems
[Subsystems] Discovering subsystems at path /Users/giorgimelikidze/Desktop/Codding/CrossyRoad/Assets
GfxDevice: creating device client; threaded=0
2021-06-16 00:57:57.829 Unity[34632:1606667] (null) preferred device: Apple M1 (high power)
2021-06-16 00:57:57.829 Unity[34632:1606667] Metal devices available: 1
2021-06-16 00:57:57.829 Unity[34632:1606667] 0: Apple M1 (high power)
2021-06-16 00:57:57.830 Unity[34632:1606667] Using device Apple M1 (high power)
Initializing Metal device caps: Apple M1
Initialize mono
Mono path[0] = '/Applications/Unity/Hub/Editor/2020.3.11f1/Unity.app/Contents/Managed'
Mono path[1] = '/Applications/Unity/Hub/Editor/2020.3.11f1/Unity.app/Contents/MonoBleedingEdge/lib/mono/unityjit'
Mono config path = '/Applications/Unity/Hub/Editor/2020.3.11f1/Unity.app/Contents/MonoBleedingEdge/etc'
Using monoOptions --debugger-agent=transport=dt_socket,embedding=1,server=y,suspend=n,address=127.0.0.1:56632
Begin MonoManager ReloadAssembly
Registering precompiled unity dll's ...
Register platform support module: /Applications/Unity/Hub/Editor/2020.3.11f1/Unity.app/Contents/PlaybackEngines/MacStandaloneSupport/UnityEditor.OSXStandalone.Extensions.dll
Register platform support module: /Applications/Unity/Hub/Editor/2020.3.11f1/PlaybackEngines/WindowsStandaloneSupport/UnityEditor.WindowsStandalone.Extensions.dll
Registered in 0.001126 seconds.
Native extension for WindowsStandalone target not found
Native extension for OSXStandalone target not found
Refreshing native plugins compatible for Editor in 26.46 ms, found 2 plugins.
Preloading 0 native plugins for Editor in 0.00 ms.
Mono: successfully reloaded assembly
- Completed reload, in  2.532 seconds
Platform modules already initialized, skipping
Registering precompiled user dll's ...
Registered in 0.002561 seconds.
Begin MonoManager ReloadAssembly
Native extension for WindowsStandalone target not found
Native extension for OSXStandalone target not found
Refreshing native plugins compatible for Editor in 0.27 ms, found 2 plugins.
Preloading 0 native plugins for Editor in 0.00 ms.
Mono: successfully reloaded assembly
- Completed reload, in  2.879 seconds
Platform modules already initialized, skipping
========================================================================
Worker process is ready to serve import requests
Launching external process: /Applications/Unity/Hub/Editor/2020.3.11f1/Unity.app/Contents/Tools/UnityShaderCompiler
Launched and connected shader compiler UnityShaderCompiler after 0.05 seconds
Refreshing native plugins compatible for Editor in 0.26 ms, found 2 plugins.
Preloading 0 native plugins for Editor in 0.00 ms.
Unloading 1394 Unused Serialized files (Serialized files now loaded: 0)
System memory in use before: 138.0 MB.
System memory in use after: 138.1 MB.

Unloading 19 unused Assets to reduce memory usage. Loaded Objects now: 1829.
Total: 1.508542 ms (FindLiveObjects: 0.129083 ms CreateObjectMapping: 0.028542 ms MarkObjects: 1.269125 ms  DeleteObjects: 0.080625 ms)

========================================================================
Received Import Request.
  path: Assets/Scripts/Spawner.cs
  artifactKey: Guid(91117ae12c4f14597bdf3c6489dcb537) Importer(815301076,1909f56bfc062723c751e8b465ee728b)
Start importing Assets/Scripts/Spawner.cs using Guid(91117ae12c4f14597bdf3c6489dcb537) Importer(815301076,1909f56bfc062723c751e8b465ee728b)  -> (artifact id: 'c801fb7ad8319e5318026e75493ad49a') in 0.361412 seconds
  Import took 0.363496 seconds .

========================================================================
Received Import Request.
  Time since last request: 0.000371 seconds.
  path: Assets/Scripts/Player.cs
  artifactKey: Guid(d0b4411bbeeaaba448c4cb958a97d8ff) Importer(815301076,1909f56bfc062723c751e8b465ee728b)
Start importing Assets/Scripts/Player.cs using Guid(d0b4411bbeeaaba448c4cb958a97d8ff) Importer(815301076,1909f56bfc062723c751e8b465ee728b)  -> (artifact id: 'e82cdae8e824c83ee074fac0922be288') in 0.002064 seconds
  Import took 0.003624 seconds .

========================================================================
Received Import Request.
  Time since last request: 79.800013 seconds.
  path: Assets/Scripts/Spawner.cs
  artifactKey: Guid(91117ae12c4f14597bdf3c6489dcb537) Importer(815301076,1909f56bfc062723c751e8b465ee728b)
Start importing Assets/Scripts/Spawner.cs using Guid(91117ae12c4f14597bdf3c6489dcb537) Importer(815301076,1909f56bfc062723c751e8b465ee728b)  -> (artifact id: 'd3083014e06d042c4811fda62720e6bf') in 0.030229 seconds
  Import took 0.041600 seconds .

========================================================================
Received Import Request.
  Time since last request: 123.481843 seconds.
  path: Assets/Scripts/Spawner.cs
  artifactKey: Guid(91117ae12c4f14597bdf3c6489dcb537) Importer(815301076,1909f56bfc062723c751e8b465ee728b)
Start importing Assets/Scripts/Spawner.cs using Guid(91117ae12c4f14597bdf3c6489dcb537) Importer(815301076,1909f56bfc062723c751e8b465ee728b)  -> (artifact id: '8091bb3beb51442e97c4a6a3fa8b5274') in 0.022859 seconds
  Import took 0.052395 seconds .

========================================================================
Received Import Request.
  Time since last request: 24.528089 seconds.
  path: Assets/Scripts/Spawner.cs
  artifactKey: Guid(91117ae12c4f14597bdf3c6489dcb537) Importer(815301076,1909f56bfc062723c751e8b465ee728b)
Start importing Assets/Scripts/Spawner.cs using Guid(91117ae12c4f14597bdf3c6489dcb537) Importer(815301076,1909f56bfc062723c751e8b465ee728b)  -> (artifact id: '9fbdbc093ee5171ff64dc4f0e63962f9') in 0.014210 seconds
  Import took 0.048836 seconds .

========================================================================
Received Import Request.
  Time since last request: 59.891272 seconds.
  path: Assets/Scripts/Spawner.cs
  artifactKey: Guid(91117ae12c4f14597bdf3c6489dcb537) Importer(815301076,1909f56bfc062723c751e8b465ee728b)
Start importing Assets/Scripts/Spawner.cs using Guid(91117ae12c4f14597bdf3c6489dcb537) Importer(815301076,1909f56bfc062723c751e8b465ee728b)  -> (artifact id: '2cab17c1c2be976b487c50663c342e84') in 0.014036 seconds
  Import took 0.043691 seconds .

========================================================================
Received Import Request.
  Time since last request: 53.176384 seconds.
  path: Assets/Scripts/Spawner.cs
  artifactKey: Guid(91117ae12c4f14597bdf3c6489dcb537) Importer(815301076,1909f56bfc062723c751e8b465ee728b)
Start importing Assets/Scripts/Spawner.cs using Guid(91117ae12c4f14597bdf3c6489dcb537) Importer(815301076,1909f56bfc062723c751e8b465ee728b)  -> (artifact id: '0483f4f8e59b5bb126e4825e828d31e4') in 0.014696 seconds
  Import took 0.035809 seconds .

========================================================================
Received Prepare
Registering precompiled user dll's ...
Registered in 0.001972 seconds.
Begin MonoManager ReloadAssembly
Native extension for WindowsStandalone target not found
Native extension for OSXStandalone target not found
Refreshing native plugins compatible for Editor in 0.27 ms, found 2 plugins.
Preloading 0 native plugins for Editor in 0.00 ms.
Mono: successfully reloaded assembly
- Completed reload, in  2.886 seconds
Platform modules already initialized, skipping
Refreshing native plugins compatible for Editor in 0.26 ms, found 2 plugins.
Preloading 0 native plugins for Editor in 0.00 ms.
Unloading 1389 Unused Serialized files (Serialized files now loaded: 0)
System memory in use before: 142.4 MB.
System memory in use after: 142.4 MB.

Unloading 14 unused Assets to reduce memory usage. Loaded Objects now: 1832.
Total: 2.451667 ms (FindLiveObjects: 0.118417 ms CreateObjectMapping: 0.027416 ms MarkObjects: 2.090625 ms  DeleteObjects: 0.214042 ms)

========================================================================
Received Import Request.
  Time since last request: 40.245835 seconds.
  path: Assets/Scripts/Spawner.cs
  artifactKey: Guid(91117ae12c4f14597bdf3c6489dcb537) Importer(815301076,1909f56bfc062723c751e8b465ee728b)
Start importing Assets/Scripts/Spawner.cs using Guid(91117ae12c4f14597bdf3c6489dcb537) Importer(815301076,1909f56bfc062723c751e8b465ee728b)  -> (artifact id: '329107a542c41b5ff31f0b6ca206ea31') in 0.007406 seconds
  Import took 0.009000 seconds .

========================================================================
Received Import Request.
  Time since last request: 6.856276 seconds.
  path: Assets/Scripts/Spawner.cs
  artifactKey: Guid(91117ae12c4f14597bdf3c6489dcb537) Importer(815301076,1909f56bfc062723c751e8b465ee728b)
Start importing Assets/Scripts/Spawner.cs using Guid(91117ae12c4f14597bdf3c6489dcb537) Importer(815301076,1909f56bfc062723c751e8b465ee728b)  -> (artifact id: '329107a542c41b5ff31f0b6ca206ea31') in 0.001829 seconds
  Import took 0.003866 seconds .

========================================================================
Received Prepare
Registering precompiled user dll's ...
Registered in 0.003856 seconds.
Begin MonoManager ReloadAssembly
Native extension for WindowsStandalone target not found
Native extension for OSXStandalone target not found
Refreshing native plugins compatible for Editor in 0.26 ms, found 2 plugins.
Preloading 0 native plugins for Editor in 0.00 ms.
Mono: successfully reloaded assembly
- Completed reload, in  2.668 seconds
Platform modules already initialized, skipping
Refreshing native plugins compatible for Editor in 0.22 ms, found 2 plugins.
Preloading 0 native plugins for Editor in 0.00 ms.
Unloading 1389 Unused Serialized files (Serialized files now loaded: 0)
System memory in use before: 142.6 MB.
System memory in use after: 142.6 MB.

Unloading 14 unused Assets to reduce memory usage. Loaded Objects now: 1835.
Total: 1.273458 ms (FindLiveObjects: 0.097958 ms CreateObjectMapping: 0.025916 ms MarkObjects: 1.092167 ms  DeleteObjects: 0.056708 ms)

========================================================================
Received Import Request.
  Time since last request: 100.419382 seconds.
  path: Assets/Scripts/Spawner.cs
  artifactKey: Guid(91117ae12c4f14597bdf3c6489dcb537) Importer(815301076,1909f56bfc062723c751e8b465ee728b)
Start importing Assets/Scripts/Spawner.cs using Guid(91117ae12c4f14597bdf3c6489dcb537) Importer(815301076,1909f56bfc062723c751e8b465ee728b)  -> (artifact id: '042322fa3e1a802c5aac931189569817') in 0.027384 seconds
  Import took 0.042761 seconds .

========================================================================
Received Import Request.
  Time since last request: 0.005971 seconds.
  path: Assets/Scripts/Spawner.cs
  artifactKey: Guid(91117ae12c4f14597bdf3c6489dcb537) Importer(815301076,1909f56bfc062723c751e8b465ee728b)
Start importing Assets/Scripts/Spawner.cs using Guid(91117ae12c4f14597bdf3c6489dcb537) Importer(815301076,1909f56bfc062723c751e8b465ee728b)  -> (artifact id: '042322fa3e1a802c5aac931189569817') in 0.001809 seconds
  Import took 0.003711 seconds .

========================================================================
Received Prepare
Registering precompiled user dll's ...
Registered in 0.001926 seconds.
Begin MonoManager ReloadAssembly
Native extension for WindowsStandalone target not found
Native extension for OSXStandalone target not found
Refreshing native plugins compatible for Editor in 0.28 ms, found 2 plugins.
Preloading 0 native plugins for Editor in 0.00 ms.
Mono: successfully reloaded assembly
- Completed reload, in  2.862 seconds
Platform modules already initialized, skipping
Refreshing native plugins compatible for Editor in 0.25 ms, found 2 plugins.
Preloading 0 native plugins for Editor in 0.00 ms.
Unloading 1389 Unused Serialized files (Serialized files now loaded: 0)
System memory in use before: 142.8 MB.
System memory in use after: 142.8 MB.

Unloading 14 unused Assets to reduce memory usage. Loaded Objects now: 1838.
Total: 1.405584 ms (FindLiveObjects: 0.113125 ms CreateObjectMapping: 0.027792 ms MarkObjects: 1.190833 ms  DeleteObjects: 0.072917 ms)

========================================================================
Received Import Request.
  Time since last request: 104.613958 seconds.
  path: Assets/Scripts/Spawner.cs
  artifactKey: Guid(91117ae12c4f14597bdf3c6489dcb537) Importer(815301076,1909f56bfc062723c751e8b465ee728b)
Start importing Assets/Scripts/Spawner.cs using Guid(91117ae12c4f14597bdf3c6489dcb537) Importer(815301076,1909f56bfc062723c751e8b465ee728b)  -> (artifact id: '8ba85e8ce34938045528c80cee2f851d') in 0.007665 seconds
  Import took 0.009530 seconds .

========================================================================
Received Import Request.
  Time since last request: 6.770579 seconds.
  path: Assets/Scripts/Spawner.cs
  artifactKey: Guid(91117ae12c4f14597bdf3c6489dcb537) Importer(815301076,1909f56bfc062723c751e8b465ee728b)
Start importing Assets/Scripts/Spawner.cs using Guid(91117ae12c4f14597bdf3c6489dcb537) Importer(815301076,1909f56bfc062723c751e8b465ee728b)  -> (artifact id: '8ba85e8ce34938045528c80cee2f851d') in 0.001841 seconds
  Import took 0.003594 seconds .

========================================================================
Received Prepare
Registering precompiled user dll's ...
Registered in 0.001841 seconds.
Begin MonoManager ReloadAssembly
Native extension for WindowsStandalone target not found
Native extension for OSXStandalone target not found
Refreshing native plugins compatible for Editor in 0.27 ms, found 2 plugins.
Preloading 0 native plugins for Editor in 0.00 ms.
Mono: successfully reloaded assembly
- Completed reload, in  2.900 seconds
Platform modules already initialized, skipping
Refreshing native plugins compatible for Editor in 0.25 ms, found 2 plugins.
Preloading 0 native plugins for Editor in 0.00 ms.
Unloading 1389 Unused Serialized files (Serialized files now loaded: 0)
System memory in use before: 143.0 MB.
System memory in use after: 143.0 MB.

Unloading 14 unused Assets to reduce memory usage. Loaded Objects now: 1841.
Total: 1.384167 ms (FindLiveObjects: 0.131375 ms CreateObjectMapping: 0.028459 ms MarkObjects: 1.161875 ms  DeleteObjects: 0.061542 ms)

========================================================================
Received Import Request.
  Time since last request: 37.416425 seconds.
  path: Assets/Scripts/Spawner.cs
  artifactKey: Guid(91117ae12c4f14597bdf3c6489dcb537) Importer(815301076,1909f56bfc062723c751e8b465ee728b)
Start importing Assets/Scripts/Spawner.cs using Guid(91117ae12c4f14597bdf3c6489dcb537) Importer(815301076,1909f56bfc062723c751e8b465ee728b)  -> (artifact id: '5a1b7ac3a6a700bb82f24f6cc3d9ae5d') in 0.007307 seconds
  Import took 0.008881 seconds .

========================================================================
Received Import Request.
  Time since last request: 6.723694 seconds.
  path: Assets/Scripts/Spawner.cs
  artifactKey: Guid(91117ae12c4f14597bdf3c6489dcb537) Importer(815301076,1909f56bfc062723c751e8b465ee728b)
Start importing Assets/Scripts/Spawner.cs using Guid(91117ae12c4f14597bdf3c6489dcb537) Importer(815301076,1909f56bfc062723c751e8b465ee728b)  -> (artifact id: '5a1b7ac3a6a700bb82f24f6cc3d9ae5d') in 0.001920 seconds
  Import took 0.003995 seconds .

========================================================================
Received Prepare
Registering precompiled user dll's ...
Registered in 0.003645 seconds.
Begin MonoManager ReloadAssembly
Native extension for WindowsStandalone target not found
Native extension for OSXStandalone target not found
Refreshing native plugins compatible for Editor in 0.27 ms, found 2 plugins.
Preloading 0 native plugins for Editor in 0.00 ms.
Mono: successfully reloaded assembly
- Completed reload, in  2.619 seconds
Platform modules already initialized, skipping
Refreshing native plugins compatible for Editor in 0.22 ms, found 2 plugins.
Preloading 0 native plugins for Editor in 0.00 ms.
Unloading 1389 Unused Serialized files (Serialized files now loaded: 0)
System memory in use before: 143.2 MB.
System memory in use after: 143.2 MB.

Unloading 14 unused Assets to reduce memory usage. Loaded Objects now: 1844.
Total: 1.294542 ms (FindLiveObjects: 0.098209 ms CreateObjectMapping: 0.026334 ms MarkObjects: 1.115208 ms  DeleteObjects: 0.053958 ms)

========================================================================
Received Import Request.
  Time since last request: 163.651860 seconds.
  path: Assets/Scripts/Spawner.cs
  artifactKey: Guid(91117ae12c4f14597bdf3c6489dcb537) Importer(815301076,1909f56bfc062723c751e8b465ee728b)
Start importing Assets/Scripts/Spawner.cs using Guid(91117ae12c4f14597bdf3c6489dcb537) Importer(815301076,1909f56bfc062723c751e8b465ee728b)  -> (artifact id: '7a91275da56a85c4dfeb74bf27e65455') in 0.030489 seconds
  Import took 0.053978 seconds .

========================================================================
Received Import Request.
  Time since last request: 117.020350 seconds.
  path: Assets/Scripts/Spawner.cs
  artifactKey: Guid(91117ae12c4f14597bdf3c6489dcb537) Importer(815301076,1909f56bfc062723c751e8b465ee728b)
Start importing Assets/Scripts/Spawner.cs using Guid(91117ae12c4f14597bdf3c6489dcb537) Importer(815301076,1909f56bfc062723c751e8b465ee728b)  -> (artifact id: 'f12e568af3c830fb7c73fde89ccbe591') in 0.011389 seconds
  Import took 0.056145 seconds .

========================================================================
Received Import Request.
  Time since last request: 0.005357 seconds.
  path: Assets/Scripts/Spawner.cs
  artifactKey: Guid(91117ae12c4f14597bdf3c6489dcb537) Importer(815301076,1909f56bfc062723c751e8b465ee728b)
Start importing Assets/Scripts/Spawner.cs using Guid(91117ae12c4f14597bdf3c6489dcb537) Importer(815301076,1909f56bfc062723c751e8b465ee728b)  -> (artifact id: 'f12e568af3c830fb7c73fde89ccbe591') in 0.002099 seconds
  Import took 0.004036 seconds .

========================================================================
Received Prepare
Registering precompiled user dll's ...
Registered in 0.001980 seconds.
Begin MonoManager ReloadAssembly
Native extension for WindowsStandalone target not found
Native extension for OSXStandalone target not found
Refreshing native plugins compatible for Editor in 0.36 ms, found 2 plugins.
Preloading 0 native plugins for Editor in 0.00 ms.
Mono: successfully reloaded assembly
- Completed reload, in  2.840 seconds
Platform modules already initialized, skipping
Refreshing native plugins compatible for Editor in 0.25 ms, found 2 plugins.
Preloading 0 native plugins for Editor in 0.00 ms.
Unloading 1389 Unused Serialized files (Serialized files now loaded: 0)
System memory in use before: 143.4 MB.
System memory in use after: 143.4 MB.

Unloading 14 unused Assets to reduce memory usage. Loaded Objects now: 1847.
Total: 1.378792 ms (FindLiveObjects: 0.121083 ms CreateObjectMapping: 0.056625 ms MarkObjects: 1.138708 ms  DeleteObjects: 0.061542 ms)

========================================================================
Received Import Request.
  Time since last request: 22.048865 seconds.
  path: Assets/Scripts/Spawner.cs
  artifactKey: Guid(91117ae12c4f14597bdf3c6489dcb537) Importer(815301076,1909f56bfc062723c751e8b465ee728b)
Start importing Assets/Scripts/Spawner.cs using Guid(91117ae12c4f14597bdf3c6489dcb537) Importer(815301076,1909f56bfc062723c751e8b465ee728b)  -> (artifact id: 'edaab9c604f5de98d7a3626401932201') in 0.006854 seconds
  Import took 0.008624 seconds .

========================================================================
Received Import Request.
  Time since last request: 6.815247 seconds.
  path: Assets/Scripts/Spawner.cs
  artifactKey: Guid(91117ae12c4f14597bdf3c6489dcb537) Importer(815301076,1909f56bfc062723c751e8b465ee728b)
Start importing Assets/Scripts/Spawner.cs using Guid(91117ae12c4f14597bdf3c6489dcb537) Importer(815301076,1909f56bfc062723c751e8b465ee728b)  -> (artifact id: 'edaab9c604f5de98d7a3626401932201') in 0.003683 seconds
  Import took 0.005461 seconds .

========================================================================
Received Prepare
Registering precompiled user dll's ...
Registered in 0.002713 seconds.
Begin MonoManager ReloadAssembly
Native extension for WindowsStandalone target not found
Native extension for OSXStandalone target not found
Refreshing native plugins compatible for Editor in 0.26 ms, found 2 plugins.
Preloading 0 native plugins for Editor in 0.00 ms.
Mono: successfully reloaded assembly
- Completed reload, in  2.535 seconds
Platform modules already initialized, skipping
Refreshing native plugins compatible for Editor in 0.24 ms, found 2 plugins.
Preloading 0 native plugins for Editor in 0.00 ms.
Unloading 1389 Unused Serialized files (Serialized files now loaded: 0)
System memory in use before: 143.5 MB.
System memory in use after: 143.6 MB.

Unloading 14 unused Assets to reduce memory usage. Loaded Objects now: 1850.
Total: 1.285917 ms (FindLiveObjects: 0.085000 ms CreateObjectMapping: 0.026125 ms MarkObjects: 1.123417 ms  DeleteObjects: 0.050625 ms)

